Using pre-set license
Built from '2021.3/staging' branch; Version is '2021.3.11f1 (0a5ca18544bf) revision 679073'; Using compiler version '192829333'; Build Type 'Release'
OS: 'Windows 10  (10.0.19044) 64bit Core' Language: 'en' Physical Memory: 16311 MB
BatchMode: 1, IsHumanControllingUs: 0, StartBugReporterOnCrash: 0, Is64bit: 1, IsPro: 1

COMMAND LINE ARGUMENTS:
C:\Program Files\Unity\Hub\Editor\2021.3.11f1\Editor\Unity.exe
-adb2
-batchMode
-noUpm
-name
AssetImportWorker9
-projectPath
D:/Unity Projects/Github/Mastered_Portfolio_Project/Never_Crawler
-logFile
Logs/AssetImportWorker9.log
-srvPort
56782
Successfully changed project path to: D:/Unity Projects/Github/Mastered_Portfolio_Project/Never_Crawler
D:/Unity Projects/Github/Mastered_Portfolio_Project/Never_Crawler
[UnityMemory] Configuration Parameters - Can be set up in boot.config
    "memorysetup-bucket-allocator-granularity=16"
    "memorysetup-bucket-allocator-bucket-count=8"
    "memorysetup-bucket-allocator-block-size=33554432"
    "memorysetup-bucket-allocator-block-count=8"
    "memorysetup-main-allocator-block-size=16777216"
    "memorysetup-thread-allocator-block-size=16777216"
    "memorysetup-gfx-main-allocator-block-size=16777216"
    "memorysetup-gfx-thread-allocator-block-size=16777216"
    "memorysetup-cache-allocator-block-size=4194304"
    "memorysetup-typetree-allocator-block-size=2097152"
    "memorysetup-profiler-bucket-allocator-granularity=16"
    "memorysetup-profiler-bucket-allocator-bucket-count=8"
    "memorysetup-profiler-bucket-allocator-block-size=33554432"
    "memorysetup-profiler-bucket-allocator-block-count=8"
    "memorysetup-profiler-allocator-block-size=16777216"
    "memorysetup-profiler-editor-allocator-block-size=1048576"
    "memorysetup-temp-allocator-size-main=16777216"
    "memorysetup-job-temp-allocator-block-size=2097152"
    "memorysetup-job-temp-allocator-block-size-background=1048576"
    "memorysetup-job-temp-allocator-reduction-small-platforms=262144"
    "memorysetup-temp-allocator-size-background-worker=32768"
    "memorysetup-temp-allocator-size-job-worker=262144"
    "memorysetup-temp-allocator-size-preload-manager=33554432"
    "memorysetup-temp-allocator-size-nav-mesh-worker=65536"
    "memorysetup-temp-allocator-size-audio-worker=65536"
    "memorysetup-temp-allocator-size-cloud-worker=32768"
    "memorysetup-temp-allocator-size-gi-baking-worker=262144"
    "memorysetup-temp-allocator-size-gfx=262144"
Refreshing native plugins compatible for Editor in 95.94 ms, found 3 plugins.
Preloading 0 native plugins for Editor in 0.00 ms.
Initialize engine version: 2021.3.11f1 (0a5ca18544bf)
[Subsystems] Discovering subsystems at path C:/Program Files/Unity/Hub/Editor/2021.3.11f1/Editor/Data/Resources/UnitySubsystems
[Subsystems] Discovering subsystems at path D:/Unity Projects/Github/Mastered_Portfolio_Project/Never_Crawler/Assets
GfxDevice: creating device client; threaded=0; jobified=0
Direct3D:
    Version:  Direct3D 11.0 [level 11.1]
    Renderer: AMD Radeon RX 5700 XT (ID=0x731f)
    Vendor:   ATI
    VRAM:     8151 MB
    Driver:   31.0.12029.7019
Initialize mono
Mono path[0] = 'C:/Program Files/Unity/Hub/Editor/2021.3.11f1/Editor/Data/Managed'
Mono path[1] = 'C:/Program Files/Unity/Hub/Editor/2021.3.11f1/Editor/Data/MonoBleedingEdge/lib/mono/unityjit-win32'
Mono config path = 'C:/Program Files/Unity/Hub/Editor/2021.3.11f1/Editor/Data/MonoBleedingEdge/etc'
Using monoOptions --debugger-agent=transport=dt_socket,embedding=1,server=y,suspend=n,address=127.0.0.1:56152
Begin MonoManager ReloadAssembly
Registering precompiled unity dll's ...
Register platform support module: C:/Program Files/Unity/Hub/Editor/2021.3.11f1/Editor/Data/PlaybackEngines/WebGLSupport/UnityEditor.WebGL.Extensions.dll
Register platform support module: C:/Program Files/Unity/Hub/Editor/2021.3.11f1/Editor/Data/PlaybackEngines/WindowsStandaloneSupport/UnityEditor.WindowsStandalone.Extensions.dll
Register platform support module: C:/Program Files/Unity/Hub/Editor/2021.3.11f1/Editor/Data/PlaybackEngines/MetroSupport/UnityEditor.UWP.Extensions.dll
Registered in 0.010468 seconds.
Native extension for UWP target not found
Native extension for WindowsStandalone target not found
Native extension for WebGL target not found
Refreshing native plugins compatible for Editor in 81.07 ms, found 3 plugins.
Preloading 0 native plugins for Editor in 0.00 ms.
Mono: successfully reloaded assembly
- Completed reload, in  0.591 seconds
Domain Reload Profiling:
	ReloadAssembly (592ms)
		BeginReloadAssembly (68ms)
			ExecutionOrderSort (0ms)
			DisableScriptedObjects (0ms)
			BackupInstance (0ms)
			ReleaseScriptingObjects (0ms)
			CreateAndSetChildDomain (1ms)
		EndReloadAssembly (420ms)
			LoadAssemblies (66ms)
			RebuildTransferFunctionScriptingTraits (0ms)
			SetupTypeCache (100ms)
			ReleaseScriptCaches (0ms)
			RebuildScriptCaches (24ms)
			SetupLoadedEditorAssemblies (250ms)
				LogAssemblyErrors (0ms)
				InitializePlatformSupportModulesInManaged (10ms)
				SetLoadedEditorAssemblies (0ms)
				RefreshPlugins (81ms)
				BeforeProcessingInitializeOnLoad (1ms)
				ProcessInitializeOnLoadAttributes (120ms)
				ProcessInitializeOnLoadMethodAttributes (38ms)
				AfterProcessingInitializeOnLoad (0ms)
				EditorAssembliesLoaded (0ms)
			ExecutionOrderSort2 (0ms)
			AwakeInstancesAfterBackupRestoration (0ms)
Platform modules already initialized, skipping
Registering precompiled user dll's ...
Registered in 0.005822 seconds.
Begin MonoManager ReloadAssembly
Symbol file LoadedFromMemory doesn't match image D:\Unity Projects\Github\Mastered_Portfolio_Project\Never_Crawler\Library\PackageCache\com.unity.visualscripting@1.7.8\Editor\VisualScripting.Core\Dependencies\YamlDotNet\Unity.VisualScripting.YamlDotNet.dll
Symbol file LoadedFromMemory doesn't match image D:\Unity Projects\Github\Mastered_Portfolio_Project\Never_Crawler\Library\PackageCache\com.unity.visualscripting@1.7.8\Editor\VisualScripting.Core\Dependencies\DotNetZip\Unity.VisualScripting.IonicZip.dll
Native extension for UWP target not found
Native extension for WindowsStandalone target not found
Native extension for WebGL target not found
Refreshing native plugins compatible for Editor in 83.03 ms, found 3 plugins.
Preloading 0 native plugins for Editor in 0.00 ms.
Mono: successfully reloaded assembly
- Completed reload, in  1.121 seconds
Domain Reload Profiling:
	ReloadAssembly (1121ms)
		BeginReloadAssembly (102ms)
			ExecutionOrderSort (0ms)
			DisableScriptedObjects (5ms)
			BackupInstance (0ms)
			ReleaseScriptingObjects (0ms)
			CreateAndSetChildDomain (18ms)
		EndReloadAssembly (908ms)
			LoadAssemblies (85ms)
			RebuildTransferFunctionScriptingTraits (0ms)
			SetupTypeCache (243ms)
			ReleaseScriptCaches (1ms)
			RebuildScriptCaches (52ms)
			SetupLoadedEditorAssemblies (495ms)
				LogAssemblyErrors (0ms)
				InitializePlatformSupportModulesInManaged (7ms)
				SetLoadedEditorAssemblies (0ms)
				RefreshPlugins (83ms)
				BeforeProcessingInitializeOnLoad (87ms)
				ProcessInitializeOnLoadAttributes (285ms)
				ProcessInitializeOnLoadMethodAttributes (22ms)
				AfterProcessingInitializeOnLoad (10ms)
				EditorAssembliesLoaded (0ms)
			ExecutionOrderSort2 (0ms)
			AwakeInstancesAfterBackupRestoration (5ms)
Platform modules already initialized, skipping
========================================================================
Worker process is ready to serve import requests
Launched and connected shader compiler UnityShaderCompiler.exe after 0.05 seconds
Refreshing native plugins compatible for Editor in 0.74 ms, found 3 plugins.
Preloading 0 native plugins for Editor in 0.00 ms.
Unloading 4022 Unused Serialized files (Serialized files now loaded: 0)
Unloading 43 unused Assets / (184.9 KB). Loaded Objects now: 4480.
Memory consumption went from 143.4 MB to 143.2 MB.
Total: 3.588300 ms (FindLiveObjects: 0.408900 ms CreateObjectMapping: 0.104500 ms MarkObjects: 2.945200 ms  DeleteObjects: 0.128700 ms)

AssetImportParameters requested are different than current active one (requested -> active):
  custom:video-decoder-ogg-theora: a1e56fd34408186e4bbccfd4996cb3dc -> 
  custom:container-muxer-webm: aa71ff27fc2769a1b78a27578f13a17b -> 
  custom:container-demuxer-webm: 4f35f7cbe854078d1ac9338744f61a02 -> 
  custom:video-encoder-webm-vp8: eb34c28f22e8b96e1ab97ce403110664 -> 
  custom:video-codec-MediaFoundation-h265: e54d7ab0439102e2317fc1e4b246158d -> 
  custom:audio-encoder-webm-vorbis: bf7c407c2cedff20999df2af8eb42d56 -> 
  custom:framework-win-MediaFoundation: 216162199b28c13a410421893ffa2e32 -> 
  custom:container-demuxer-ogg: 62fdf1f143b41e24485cea50d1cbac27 -> 
  custom:video-decoder-webm-vp8: 9c59270c3fd7afecdb556c50c9e8de78 -> 
  custom:audio-decoder-ogg-vorbis: bf7c407c2cedff20999df2af8eb42d56 -> 
========================================================================
Received Import Request.
  Time since last request: 1046186.395740 seconds.
  path: Assets/Meshes/CobbleMeshes/Floor_Corner.fbx
  artifactKey: Guid(fb46a88842a45124796f9807e87b6508) Importer(815301076,1909f56bfc062723c751e8b465ee728b)
Start importing Assets/Meshes/CobbleMeshes/Floor_Corner.fbx using Guid(fb46a88842a45124796f9807e87b6508) Importer(815301076,1909f56bfc062723c751e8b465ee728b)  -> (artifact id: '6cec6466c4f4e5a85225f99e393333cb') in 0.234610 seconds 
========================================================================
Received Import Request.
  Time since last request: 0.000022 seconds.
  path: Assets/Meshes/CobbleMeshes/Wall.fbx
  artifactKey: Guid(23c97235d261b664d81a824b8f4a6012) Importer(815301076,1909f56bfc062723c751e8b465ee728b)
Start importing Assets/Meshes/CobbleMeshes/Wall.fbx using Guid(23c97235d261b664d81a824b8f4a6012) Importer(815301076,1909f56bfc062723c751e8b465ee728b)  -> (artifact id: 'f0476efcd71ce7e5fc6d52c62208329c') in 0.031378 seconds 
========================================================================
Received Import Request.
  Time since last request: 0.000038 seconds.
  path: Assets/Meshes/CobbleMeshes/Roof_Flat.fbx
  artifactKey: Guid(e8808b12930fe28449909b1c4235b12c) Importer(815301076,1909f56bfc062723c751e8b465ee728b)
Start importing Assets/Meshes/CobbleMeshes/Roof_Flat.fbx using Guid(e8808b12930fe28449909b1c4235b12c) Importer(815301076,1909f56bfc062723c751e8b465ee728b)  -> (artifact id: '8901f961b7fdc7fffe6f537568c1a459') in 0.033472 seconds 
========================================================================
Received Import Request.
  Time since last request: 0.000023 seconds.
  path: Assets/Meshes/CobbleMeshes/Roof_Vaulted4.fbx
  artifactKey: Guid(b5afa3549abe6604f85fda9d55099896) Importer(815301076,1909f56bfc062723c751e8b465ee728b)
Start importing Assets/Meshes/CobbleMeshes/Roof_Vaulted4.fbx using Guid(b5afa3549abe6604f85fda9d55099896) Importer(815301076,1909f56bfc062723c751e8b465ee728b)  -> (artifact id: 'c99ed68f75b0d15ed32804cf32e70d68') in 0.032309 seconds 
========================================================================
Received Import Request.
  Time since last request: 0.000035 seconds.
  path: Assets/Meshes/CobbleMeshes/Floor_Stairwell.001.fbx
  artifactKey: Guid(a3a00c491d6e0fc49a7472a994e8399c) Importer(815301076,1909f56bfc062723c751e8b465ee728b)
Start importing Assets/Meshes/CobbleMeshes/Floor_Stairwell.001.fbx using Guid(a3a00c491d6e0fc49a7472a994e8399c) Importer(815301076,1909f56bfc062723c751e8b465ee728b)  -> (artifact id: 'f77b74022d0486a22ba30ceb9c558114') in 0.080903 seconds 
========================================================================
Received Import Request.
  Time since last request: 0.000028 seconds.
  path: Assets/Meshes/CobbleMeshes/Roof_Vaulted3.fbx
  artifactKey: Guid(d2c952f1ebb8b0446884603fd7357a25) Importer(815301076,1909f56bfc062723c751e8b465ee728b)
Start importing Assets/Meshes/CobbleMeshes/Roof_Vaulted3.fbx using Guid(d2c952f1ebb8b0446884603fd7357a25) Importer(815301076,1909f56bfc062723c751e8b465ee728b)  -> (artifact id: '4eb010b0c99be1ec144cc14c24052905') in 0.028652 seconds 
========================================================================
Received Import Request.
  Time since last request: 0.000049 seconds.
  path: Assets/Meshes/CobbleMeshes/PavingStones051_1K_Color.jpg
  artifactKey: Guid(0da087cbc0b42414da1095832b63f28d) Importer(815301076,1909f56bfc062723c751e8b465ee728b)
Start importing Assets/Meshes/CobbleMeshes/PavingStones051_1K_Color.jpg using Guid(0da087cbc0b42414da1095832b63f28d) Importer(815301076,1909f56bfc062723c751e8b465ee728b)  -> (artifact id: 'ac76e7b84732b3985c42d51377af79e2') in 0.027335 seconds 
========================================================================
Received Import Request.
  Time since last request: 8.628146 seconds.
  path: Assets/Prefabs/Maze Room Prefabs/Room_Door.prefab
  artifactKey: Guid(86c5f0b29c7cab940ad345a3d7b5338f) Importer(815301076,1909f56bfc062723c751e8b465ee728b)
Start importing Assets/Prefabs/Maze Room Prefabs/Room_Door.prefab using Guid(86c5f0b29c7cab940ad345a3d7b5338f) Importer(815301076,1909f56bfc062723c751e8b465ee728b)  -> (artifact id: '4ae010b5dcf20b7b92937b8af18b7937') in 0.020243 seconds 
Editor requested this worker to shutdown with reason: Scaling down because of idle timeout
AssetImportWorker is now disconnected from the server
Process exiting
Exiting without the bug reporter. Application will terminate with return code 0