Using pre-set license
Built from '2021.3/staging' branch; Version is '2021.3.11f1 (0a5ca18544bf) revision 679073'; Using compiler version '192829333'; Build Type 'Release'
OS: 'Windows 10  (10.0.19044) 64bit Core' Language: 'en' Physical Memory: 16311 MB
BatchMode: 1, IsHumanControllingUs: 0, StartBugReporterOnCrash: 0, Is64bit: 1, IsPro: 1

COMMAND LINE ARGUMENTS:
C:\Program Files\Unity\Hub\Editor\2021.3.11f1\Editor\Unity.exe
-adb2
-batchMode
-noUpm
-name
AssetImportWorker4
-projectPath
D:/Unity Projects/Github/Mastered_Portfolio_Project/Never_Crawler
-logFile
Logs/AssetImportWorker4.log
-srvPort
56782
Successfully changed project path to: D:/Unity Projects/Github/Mastered_Portfolio_Project/Never_Crawler
D:/Unity Projects/Github/Mastered_Portfolio_Project/Never_Crawler
[UnityMemory] Configuration Parameters - Can be set up in boot.config
    "memorysetup-bucket-allocator-granularity=16"
    "memorysetup-bucket-allocator-bucket-count=8"
    "memorysetup-bucket-allocator-block-size=33554432"
    "memorysetup-bucket-allocator-block-count=8"
    "memorysetup-main-allocator-block-size=16777216"
    "memorysetup-thread-allocator-block-size=16777216"
    "memorysetup-gfx-main-allocator-block-size=16777216"
    "memorysetup-gfx-thread-allocator-block-size=16777216"
    "memorysetup-cache-allocator-block-size=4194304"
    "memorysetup-typetree-allocator-block-size=2097152"
    "memorysetup-profiler-bucket-allocator-granularity=16"
    "memorysetup-profiler-bucket-allocator-bucket-count=8"
    "memorysetup-profiler-bucket-allocator-block-size=33554432"
    "memorysetup-profiler-bucket-allocator-block-count=8"
    "memorysetup-profiler-allocator-block-size=16777216"
    "memorysetup-profiler-editor-allocator-block-size=1048576"
    "memorysetup-temp-allocator-size-main=16777216"
    "memorysetup-job-temp-allocator-block-size=2097152"
    "memorysetup-job-temp-allocator-block-size-background=1048576"
    "memorysetup-job-temp-allocator-reduction-small-platforms=262144"
    "memorysetup-temp-allocator-size-background-worker=32768"
    "memorysetup-temp-allocator-size-job-worker=262144"
    "memorysetup-temp-allocator-size-preload-manager=33554432"
    "memorysetup-temp-allocator-size-nav-mesh-worker=65536"
    "memorysetup-temp-allocator-size-audio-worker=65536"
    "memorysetup-temp-allocator-size-cloud-worker=32768"
    "memorysetup-temp-allocator-size-gi-baking-worker=262144"
    "memorysetup-temp-allocator-size-gfx=262144"
Refreshing native plugins compatible for Editor in 91.21 ms, found 3 plugins.
Preloading 0 native plugins for Editor in 0.00 ms.
Initialize engine version: 2021.3.11f1 (0a5ca18544bf)
[Subsystems] Discovering subsystems at path C:/Program Files/Unity/Hub/Editor/2021.3.11f1/Editor/Data/Resources/UnitySubsystems
[Subsystems] Discovering subsystems at path D:/Unity Projects/Github/Mastered_Portfolio_Project/Never_Crawler/Assets
GfxDevice: creating device client; threaded=0; jobified=0
Direct3D:
    Version:  Direct3D 11.0 [level 11.1]
    Renderer: AMD Radeon RX 5700 XT (ID=0x731f)
    Vendor:   ATI
    VRAM:     8151 MB
    Driver:   31.0.12029.7019
Initialize mono
Mono path[0] = 'C:/Program Files/Unity/Hub/Editor/2021.3.11f1/Editor/Data/Managed'
Mono path[1] = 'C:/Program Files/Unity/Hub/Editor/2021.3.11f1/Editor/Data/MonoBleedingEdge/lib/mono/unityjit-win32'
Mono config path = 'C:/Program Files/Unity/Hub/Editor/2021.3.11f1/Editor/Data/MonoBleedingEdge/etc'
Using monoOptions --debugger-agent=transport=dt_socket,embedding=1,server=y,suspend=n,address=127.0.0.1:56132
Begin MonoManager ReloadAssembly
Registering precompiled unity dll's ...
Register platform support module: C:/Program Files/Unity/Hub/Editor/2021.3.11f1/Editor/Data/PlaybackEngines/WebGLSupport/UnityEditor.WebGL.Extensions.dll
Register platform support module: C:/Program Files/Unity/Hub/Editor/2021.3.11f1/Editor/Data/PlaybackEngines/WindowsStandaloneSupport/UnityEditor.WindowsStandalone.Extensions.dll
Register platform support module: C:/Program Files/Unity/Hub/Editor/2021.3.11f1/Editor/Data/PlaybackEngines/MetroSupport/UnityEditor.UWP.Extensions.dll
Registered in 0.009673 seconds.
Native extension for UWP target not found
Native extension for WindowsStandalone target not found
Native extension for WebGL target not found
Refreshing native plugins compatible for Editor in 91.89 ms, found 3 plugins.
Preloading 0 native plugins for Editor in 0.00 ms.
Mono: successfully reloaded assembly
- Completed reload, in  0.647 seconds
Domain Reload Profiling:
	ReloadAssembly (647ms)
		BeginReloadAssembly (79ms)
			ExecutionOrderSort (0ms)
			DisableScriptedObjects (0ms)
			BackupInstance (0ms)
			ReleaseScriptingObjects (0ms)
			CreateAndSetChildDomain (1ms)
		EndReloadAssembly (454ms)
			LoadAssemblies (76ms)
			RebuildTransferFunctionScriptingTraits (0ms)
			SetupTypeCache (108ms)
			ReleaseScriptCaches (0ms)
			RebuildScriptCaches (23ms)
			SetupLoadedEditorAssemblies (275ms)
				LogAssemblyErrors (0ms)
				InitializePlatformSupportModulesInManaged (10ms)
				SetLoadedEditorAssemblies (0ms)
				RefreshPlugins (92ms)
				BeforeProcessingInitializeOnLoad (1ms)
				ProcessInitializeOnLoadAttributes (133ms)
				ProcessInitializeOnLoadMethodAttributes (39ms)
				AfterProcessingInitializeOnLoad (0ms)
				EditorAssembliesLoaded (0ms)
			ExecutionOrderSort2 (0ms)
			AwakeInstancesAfterBackupRestoration (0ms)
Platform modules already initialized, skipping
Registering precompiled user dll's ...
Registered in 0.005838 seconds.
Begin MonoManager ReloadAssembly
Symbol file LoadedFromMemory doesn't match image D:\Unity Projects\Github\Mastered_Portfolio_Project\Never_Crawler\Library\PackageCache\com.unity.visualscripting@1.7.8\Editor\VisualScripting.Core\Dependencies\YamlDotNet\Unity.VisualScripting.YamlDotNet.dll
Symbol file LoadedFromMemory doesn't match image D:\Unity Projects\Github\Mastered_Portfolio_Project\Never_Crawler\Library\PackageCache\com.unity.visualscripting@1.7.8\Editor\VisualScripting.Core\Dependencies\DotNetZip\Unity.VisualScripting.IonicZip.dll
Native extension for UWP target not found
Native extension for WindowsStandalone target not found
Native extension for WebGL target not found
Refreshing native plugins compatible for Editor in 84.10 ms, found 3 plugins.
Preloading 0 native plugins for Editor in 0.00 ms.
Mono: successfully reloaded assembly
- Completed reload, in  1.124 seconds
Domain Reload Profiling:
	ReloadAssembly (1125ms)
		BeginReloadAssembly (103ms)
			ExecutionOrderSort (0ms)
			DisableScriptedObjects (5ms)
			BackupInstance (0ms)
			ReleaseScriptingObjects (0ms)
			CreateAndSetChildDomain (20ms)
		EndReloadAssembly (907ms)
			LoadAssemblies (84ms)
			RebuildTransferFunctionScriptingTraits (0ms)
			SetupTypeCache (252ms)
			ReleaseScriptCaches (1ms)
			RebuildScriptCaches (52ms)
			SetupLoadedEditorAssemblies (483ms)
				LogAssemblyErrors (0ms)
				InitializePlatformSupportModulesInManaged (7ms)
				SetLoadedEditorAssemblies (0ms)
				RefreshPlugins (84ms)
				BeforeProcessingInitializeOnLoad (88ms)
				ProcessInitializeOnLoadAttributes (274ms)
				ProcessInitializeOnLoadMethodAttributes (21ms)
				AfterProcessingInitializeOnLoad (9ms)
				EditorAssembliesLoaded (0ms)
			ExecutionOrderSort2 (0ms)
			AwakeInstancesAfterBackupRestoration (5ms)
Platform modules already initialized, skipping
========================================================================
Worker process is ready to serve import requests
Launched and connected shader compiler UnityShaderCompiler.exe after 0.05 seconds
Refreshing native plugins compatible for Editor in 0.69 ms, found 3 plugins.
Preloading 0 native plugins for Editor in 0.00 ms.
Unloading 4016 Unused Serialized files (Serialized files now loaded: 0)
Unloading 43 unused Assets / (184.8 KB). Loaded Objects now: 4474.
Memory consumption went from 143.2 MB to 143.1 MB.
Total: 3.728500 ms (FindLiveObjects: 0.385000 ms CreateObjectMapping: 0.104800 ms MarkObjects: 3.073600 ms  DeleteObjects: 0.164100 ms)

AssetImportParameters requested are different than current active one (requested -> active):
  custom:video-decoder-ogg-theora: a1e56fd34408186e4bbccfd4996cb3dc -> 
  custom:container-muxer-webm: aa71ff27fc2769a1b78a27578f13a17b -> 
  custom:container-demuxer-webm: 4f35f7cbe854078d1ac9338744f61a02 -> 
  custom:video-encoder-webm-vp8: eb34c28f22e8b96e1ab97ce403110664 -> 
  custom:video-codec-MediaFoundation-h265: e54d7ab0439102e2317fc1e4b246158d -> 
  custom:audio-encoder-webm-vorbis: bf7c407c2cedff20999df2af8eb42d56 -> 
  custom:framework-win-MediaFoundation: 216162199b28c13a410421893ffa2e32 -> 
  custom:container-demuxer-ogg: 62fdf1f143b41e24485cea50d1cbac27 -> 
  custom:video-decoder-webm-vp8: 9c59270c3fd7afecdb556c50c9e8de78 -> 
  custom:audio-decoder-ogg-vorbis: bf7c407c2cedff20999df2af8eb42d56 -> 
========================================================================
Received Import Request.
  Time since last request: 1044827.209929 seconds.
  path: Assets/Meshes/Cobble Prefabs/Maze Piece Prefabs/Floor_Corner.prefab
  artifactKey: Guid(8a1f82e66f23bd2429f0145dfba5fba7) Importer(815301076,1909f56bfc062723c751e8b465ee728b)
Start importing Assets/Meshes/Cobble Prefabs/Maze Piece Prefabs/Floor_Corner.prefab using Guid(8a1f82e66f23bd2429f0145dfba5fba7) Importer(815301076,1909f56bfc062723c751e8b465ee728b)  -> (artifact id: 'ec97591232d035e5923419282c0a2c94') in 0.052581 seconds 
========================================================================
Received Import Request.
  Time since last request: 0.000032 seconds.
  path: Assets/Meshes/Cobble Prefabs/Maze Piece Prefabs/WallTorch.prefab
  artifactKey: Guid(3fef16569900c0348aa884a6d3ac176e) Importer(815301076,1909f56bfc062723c751e8b465ee728b)
Start importing Assets/Meshes/Cobble Prefabs/Maze Piece Prefabs/WallTorch.prefab using Guid(3fef16569900c0348aa884a6d3ac176e) Importer(815301076,1909f56bfc062723c751e8b465ee728b)  -> (artifact id: '9c3b11933e0d9de799dd88d22f8b0983') in 0.009674 seconds 
========================================================================
Received Import Request.
  Time since last request: 0.000029 seconds.
  path: Assets/Meshes/Cobble Prefabs/Maze Piece Prefabs/Floor_T.prefab
  artifactKey: Guid(a0505a0f8b517aa439daf1afafab55c8) Importer(815301076,1909f56bfc062723c751e8b465ee728b)
Start importing Assets/Meshes/Cobble Prefabs/Maze Piece Prefabs/Floor_T.prefab using Guid(a0505a0f8b517aa439daf1afafab55c8) Importer(815301076,1909f56bfc062723c751e8b465ee728b)  -> (artifact id: '09aa3ee0f1b6f67bf40ebe3d4119bec2') in 0.005592 seconds 
========================================================================
Received Import Request.
  Time since last request: 0.000024 seconds.
  path: Assets/Meshes/Cobble Prefabs/Maze Piece Prefabs/Floor_Straight.prefab
  artifactKey: Guid(478b8650129565e44938540a1befaaf9) Importer(815301076,1909f56bfc062723c751e8b465ee728b)
Start importing Assets/Meshes/Cobble Prefabs/Maze Piece Prefabs/Floor_Straight.prefab using Guid(478b8650129565e44938540a1befaaf9) Importer(815301076,1909f56bfc062723c751e8b465ee728b)  -> (artifact id: 'f29aa7508eed22ca1ce04505e6453f29') in 0.005298 seconds 
========================================================================
Received Import Request.
  Time since last request: 0.000025 seconds.
  path: Assets/Meshes/Cobble Prefabs/Maze Piece Prefabs/Pillar_Plain.prefab
  artifactKey: Guid(885d1d4194355d448bb10aec9fe5c0db) Importer(815301076,1909f56bfc062723c751e8b465ee728b)
Start importing Assets/Meshes/Cobble Prefabs/Maze Piece Prefabs/Pillar_Plain.prefab using Guid(885d1d4194355d448bb10aec9fe5c0db) Importer(815301076,1909f56bfc062723c751e8b465ee728b)  -> (artifact id: '96cb2f640026339f9343f3b78811cddc') in 0.005163 seconds 
========================================================================
Received Import Request.
  Time since last request: 42.991567 seconds.
  path: Assets/Meshes/Cobble Prefabs/Maze Piece Prefabs/WallTorch.prefab
  artifactKey: Guid(3fef16569900c0348aa884a6d3ac176e) Importer(815301076,1909f56bfc062723c751e8b465ee728b)
Start importing Assets/Meshes/Cobble Prefabs/Maze Piece Prefabs/WallTorch.prefab using Guid(3fef16569900c0348aa884a6d3ac176e) Importer(815301076,1909f56bfc062723c751e8b465ee728b)  -> (artifact id: '0c52469943c7b2fb32b53ee991214274') in 0.064138 seconds 
========================================================================
Received Import Request.
  Time since last request: 11.999792 seconds.
  path: Assets/TextMesh Pro/Fonts/LiberationSans.ttf
  artifactKey: Guid(e3265ab4bf004d28a9537516768c1c75) Importer(815301076,1909f56bfc062723c751e8b465ee728b)
Start importing Assets/TextMesh Pro/Fonts/LiberationSans.ttf using Guid(e3265ab4bf004d28a9537516768c1c75) Importer(815301076,1909f56bfc062723c751e8b465ee728b)  -> (artifact id: 'f3bd036785823e2281556a384dd6489b') in 0.067933 seconds 
========================================================================
Received Import Request.
  Time since last request: 0.132338 seconds.
  path: Assets/TextMesh Pro/Resources/Fonts & Materials/LiberationSans SDF - Drop Shadow.mat
  artifactKey: Guid(e73a58f6e2794ae7b1b7e50b7fb811b0) Importer(815301076,1909f56bfc062723c751e8b465ee728b)
Start importing Assets/TextMesh Pro/Resources/Fonts & Materials/LiberationSans SDF - Drop Shadow.mat using Guid(e73a58f6e2794ae7b1b7e50b7fb811b0) Importer(815301076,1909f56bfc062723c751e8b465ee728b)  -> (artifact id: 'ff7080c51dd3c9205e6ed60717a2af27') in 0.192499 seconds 
========================================================================
Received Import Request.
  Time since last request: 3.224389 seconds.
  path: Assets/Meshes/Cobble Prefabs/Maze Piece Prefabs/WallTorch.prefab
  artifactKey: Guid(3fef16569900c0348aa884a6d3ac176e) Importer(815301076,1909f56bfc062723c751e8b465ee728b)
Start importing Assets/Meshes/Cobble Prefabs/Maze Piece Prefabs/WallTorch.prefab using Guid(3fef16569900c0348aa884a6d3ac176e) Importer(815301076,1909f56bfc062723c751e8b465ee728b)  -> (artifact id: 'e3c9959d082712e2bb945e689ef099bc') in 0.022458 seconds 
========================================================================
Received Import Request.
  Time since last request: 1.507510 seconds.
  path: Assets/Meshes/Cobble Prefabs/Maze Piece Prefabs/WallTorch.prefab
  artifactKey: Guid(3fef16569900c0348aa884a6d3ac176e) Importer(815301076,1909f56bfc062723c751e8b465ee728b)
Start importing Assets/Meshes/Cobble Prefabs/Maze Piece Prefabs/WallTorch.prefab using Guid(3fef16569900c0348aa884a6d3ac176e) Importer(815301076,1909f56bfc062723c751e8b465ee728b)  -> (artifact id: 'ab7c777a7cc7d404f3b2f2ad97264306') in 0.013234 seconds 
========================================================================
Received Import Request.
  Time since last request: 7.264360 seconds.
  path: Assets/Meshes/Cobble Prefabs/Maze Piece Prefabs/WallTorch.prefab
  artifactKey: Guid(3fef16569900c0348aa884a6d3ac176e) Importer(815301076,1909f56bfc062723c751e8b465ee728b)
Start importing Assets/Meshes/Cobble Prefabs/Maze Piece Prefabs/WallTorch.prefab using Guid(3fef16569900c0348aa884a6d3ac176e) Importer(815301076,1909f56bfc062723c751e8b465ee728b)  -> (artifact id: '54a4e27bcd9db430506ee7d56c30526e') in 0.011143 seconds 
========================================================================
Received Import Request.
  Time since last request: 5.602945 seconds.
  path: Assets/Meshes/Cobble Prefabs/Maze Piece Prefabs/WallTorch.prefab
  artifactKey: Guid(3fef16569900c0348aa884a6d3ac176e) Importer(815301076,1909f56bfc062723c751e8b465ee728b)
Start importing Assets/Meshes/Cobble Prefabs/Maze Piece Prefabs/WallTorch.prefab using Guid(3fef16569900c0348aa884a6d3ac176e) Importer(815301076,1909f56bfc062723c751e8b465ee728b)  -> (artifact id: 'a8990e6278da020cdd2ca2e65dd8f92f') in 0.010932 seconds 
========================================================================
Received Import Request.
  Time since last request: 7.847788 seconds.
  path: Assets/Meshes/Cobble Prefabs/Maze Piece Prefabs/WallTorch.prefab
  artifactKey: Guid(3fef16569900c0348aa884a6d3ac176e) Importer(815301076,1909f56bfc062723c751e8b465ee728b)
Start importing Assets/Meshes/Cobble Prefabs/Maze Piece Prefabs/WallTorch.prefab using Guid(3fef16569900c0348aa884a6d3ac176e) Importer(815301076,1909f56bfc062723c751e8b465ee728b)  -> (artifact id: 'c7bbf658c16e538f302730031bd809ef') in 0.010970 seconds 
========================================================================
Received Import Request.
  Time since last request: 50.327453 seconds.
  path: Assets/Meshes/Cobble Prefabs/Maze Piece Prefabs/Floor_Corner.prefab
  artifactKey: Guid(8a1f82e66f23bd2429f0145dfba5fba7) Importer(815301076,1909f56bfc062723c751e8b465ee728b)
Start importing Assets/Meshes/Cobble Prefabs/Maze Piece Prefabs/Floor_Corner.prefab using Guid(8a1f82e66f23bd2429f0145dfba5fba7) Importer(815301076,1909f56bfc062723c751e8b465ee728b)  -> (artifact id: '4bda4c12829ce39360fdcf7f70a05f8a') in 0.011865 seconds 
========================================================================
Received Import Request.
  Time since last request: 49.700036 seconds.
  path: Assets/Meshes/Cobble Prefabs/Maze Piece Prefabs/Floor_Corner.prefab
  artifactKey: Guid(8a1f82e66f23bd2429f0145dfba5fba7) Importer(815301076,1909f56bfc062723c751e8b465ee728b)
Start importing Assets/Meshes/Cobble Prefabs/Maze Piece Prefabs/Floor_Corner.prefab using Guid(8a1f82e66f23bd2429f0145dfba5fba7) Importer(815301076,1909f56bfc062723c751e8b465ee728b)  -> (artifact id: '07963a7ee2e42e4db8f33170adb9cb90') in 0.005294 seconds 
========================================================================
Received Import Request.
  Time since last request: 11.954294 seconds.
  path: Assets/Scripts/Procedural Generation Scripts/DungeonMazeManager.cs
  artifactKey: Guid(9cb30d71ad5412443ac22a9e175e56c0) Importer(815301076,1909f56bfc062723c751e8b465ee728b)
Start importing Assets/Scripts/Procedural Generation Scripts/DungeonMazeManager.cs using Guid(9cb30d71ad5412443ac22a9e175e56c0) Importer(815301076,1909f56bfc062723c751e8b465ee728b)  -> (artifact id: '9671cf20af424bc7af76563d056cf4e6') in 0.006027 seconds 
========================================================================
Received Import Request.
  Time since last request: 0.807582 seconds.
  path: Assets/Scripts/Procedural Generation Scripts/FindPathAStar.cs
  artifactKey: Guid(6ab5ec48ab3c4674aab7e97b9bb0577d) Importer(815301076,1909f56bfc062723c751e8b465ee728b)
Start importing Assets/Scripts/Procedural Generation Scripts/FindPathAStar.cs using Guid(6ab5ec48ab3c4674aab7e97b9bb0577d) Importer(815301076,1909f56bfc062723c751e8b465ee728b)  -> (artifact id: 'fb378687c3d645602b072779edcb3cd9') in 0.005675 seconds 
========================================================================
Received Prepare
Registering precompiled user dll's ...
Registered in 0.005380 seconds.
Begin MonoManager ReloadAssembly
Symbol file LoadedFromMemory doesn't match image D:\Unity Projects\Github\Mastered_Portfolio_Project\Never_Crawler\Library\PackageCache\com.unity.visualscripting@1.7.8\Editor\VisualScripting.Core\Dependencies\YamlDotNet\Unity.VisualScripting.YamlDotNet.dll
Symbol file LoadedFromMemory doesn't match image D:\Unity Projects\Github\Mastered_Portfolio_Project\Never_Crawler\Library\PackageCache\com.unity.visualscripting@1.7.8\Editor\VisualScripting.Core\Dependencies\DotNetZip\Unity.VisualScripting.IonicZip.dll
Native extension for UWP target not found
Native extension for WindowsStandalone target not found
Native extension for WebGL target not found
Refreshing native plugins compatible for Editor in 0.68 ms, found 3 plugins.
Preloading 0 native plugins for Editor in 0.00 ms.
Mono: successfully reloaded assembly
- Completed reload, in  1.044 seconds
Domain Reload Profiling:
	ReloadAssembly (1045ms)
		BeginReloadAssembly (146ms)
			ExecutionOrderSort (0ms)
			DisableScriptedObjects (5ms)
			BackupInstance (0ms)
			ReleaseScriptingObjects (0ms)
			CreateAndSetChildDomain (45ms)
		EndReloadAssembly (793ms)
			LoadAssemblies (99ms)
			RebuildTransferFunctionScriptingTraits (0ms)
			SetupTypeCache (270ms)
			ReleaseScriptCaches (2ms)
			RebuildScriptCaches (41ms)
			SetupLoadedEditorAssemblies (347ms)
				LogAssemblyErrors (0ms)
				InitializePlatformSupportModulesInManaged (14ms)
				SetLoadedEditorAssemblies (0ms)
				RefreshPlugins (1ms)
				BeforeProcessingInitializeOnLoad (59ms)
				ProcessInitializeOnLoadAttributes (242ms)
				ProcessInitializeOnLoadMethodAttributes (22ms)
				AfterProcessingInitializeOnLoad (9ms)
				EditorAssembliesLoaded (0ms)
			ExecutionOrderSort2 (0ms)
			AwakeInstancesAfterBackupRestoration (5ms)
Platform modules already initialized, skipping
Refreshing native plugins compatible for Editor in 1.83 ms, found 3 plugins.
Preloading 0 native plugins for Editor in 0.00 ms.
Unloading 3987 Unused Serialized files (Serialized files now loaded: 0)
Unloading 33 unused Assets / (150.7 KB). Loaded Objects now: 4523.
Memory consumption went from 146.1 MB to 146.0 MB.
Total: 4.010200 ms (FindLiveObjects: 0.399700 ms CreateObjectMapping: 0.098400 ms MarkObjects: 3.387700 ms  DeleteObjects: 0.123000 ms)

AssetImportParameters requested are different than current active one (requested -> active):
  custom:video-decoder-ogg-theora: a1e56fd34408186e4bbccfd4996cb3dc -> 
  custom:container-muxer-webm: aa71ff27fc2769a1b78a27578f13a17b -> 
  custom:container-demuxer-webm: 4f35f7cbe854078d1ac9338744f61a02 -> 
  custom:video-encoder-webm-vp8: eb34c28f22e8b96e1ab97ce403110664 -> 
  custom:video-codec-MediaFoundation-h265: e54d7ab0439102e2317fc1e4b246158d -> 
  custom:audio-encoder-webm-vorbis: bf7c407c2cedff20999df2af8eb42d56 -> 
  custom:framework-win-MediaFoundation: 216162199b28c13a410421893ffa2e32 -> 
  custom:container-demuxer-ogg: 62fdf1f143b41e24485cea50d1cbac27 -> 
  custom:video-decoder-webm-vp8: 9c59270c3fd7afecdb556c50c9e8de78 -> 
  custom:audio-decoder-ogg-vorbis: bf7c407c2cedff20999df2af8eb42d56 -> 
========================================================================
Received Import Request.
  Time since last request: 1119.517423 seconds.
  path: Assets/Meshes/Cobble Prefabs/Floor_Corner.prefab
  artifactKey: Guid(828a9e19d975c174997cba6d3e29e385) Importer(815301076,1909f56bfc062723c751e8b465ee728b)
Start importing Assets/Meshes/Cobble Prefabs/Floor_Corner.prefab using Guid(828a9e19d975c174997cba6d3e29e385) Importer(815301076,1909f56bfc062723c751e8b465ee728b)  -> (artifact id: '96f1aba71436dd8bcb94faf4b7376ebe') in 0.093591 seconds 
========================================================================
Received Import Request.
  Time since last request: 0.000027 seconds.
  path: Assets/Meshes/Cobble Prefabs/Stair_Well.prefab
  artifactKey: Guid(3384c0a8acc1d9f41910ba30fed3cbf7) Importer(815301076,1909f56bfc062723c751e8b465ee728b)
Start importing Assets/Meshes/Cobble Prefabs/Stair_Well.prefab using Guid(3384c0a8acc1d9f41910ba30fed3cbf7) Importer(815301076,1909f56bfc062723c751e8b465ee728b)  -> (artifact id: '126d2d3646d327dda07b9127afb0d5a3') in 0.020492 seconds 
========================================================================
Received Import Request.
  Time since last request: 0.000024 seconds.
  path: Assets/Meshes/Cobble Prefabs/WallTorch.prefab
  artifactKey: Guid(4bc40bd6f331d5a479549f9b24e6faab) Importer(815301076,1909f56bfc062723c751e8b465ee728b)
Start importing Assets/Meshes/Cobble Prefabs/WallTorch.prefab using Guid(4bc40bd6f331d5a479549f9b24e6faab) Importer(815301076,1909f56bfc062723c751e8b465ee728b)  -> (artifact id: '1a3a735703a7b30a6ca4751e49181158') in 0.010464 seconds 
========================================================================
Received Import Request.
  Time since last request: 0.000041 seconds.
  path: Assets/Meshes/Cobble Prefabs/Pillar_Plain.prefab
  artifactKey: Guid(d39095d0f842770438c85ab989ecd078) Importer(815301076,1909f56bfc062723c751e8b465ee728b)
Start importing Assets/Meshes/Cobble Prefabs/Pillar_Plain.prefab using Guid(d39095d0f842770438c85ab989ecd078) Importer(815301076,1909f56bfc062723c751e8b465ee728b)  -> (artifact id: '8f12541cb0df49961c48cb4448f90925') in 0.011754 seconds 
========================================================================
Received Import Request.
  Time since last request: 0.000023 seconds.
  path: Assets/Meshes/Cobble Prefabs/Floor_Dead.prefab
  artifactKey: Guid(c3b0722ba0848ad40ada1cce4f63d699) Importer(815301076,1909f56bfc062723c751e8b465ee728b)
Start importing Assets/Meshes/Cobble Prefabs/Floor_Dead.prefab using Guid(c3b0722ba0848ad40ada1cce4f63d699) Importer(815301076,1909f56bfc062723c751e8b465ee728b)  -> (artifact id: 'a033b726eb0425f0dcf0966442e7802a') in 0.018196 seconds 
========================================================================
Received Import Request.
  Time since last request: 44.107738 seconds.
  path: Assets/Meshes/CobbleMeshes/Bricks059_1K_Color.jpg
  artifactKey: Guid(3f255ac0502e02b4183465a1090010e1) Importer(815301076,1909f56bfc062723c751e8b465ee728b)
Start importing Assets/Meshes/CobbleMeshes/Bricks059_1K_Color.jpg using Guid(3f255ac0502e02b4183465a1090010e1) Importer(815301076,1909f56bfc062723c751e8b465ee728b)  -> (artifact id: '565fb5545dddeda6d0d2647cb5065dc8') in 0.048777 seconds 
========================================================================
Received Import Request.
  Time since last request: 0.000030 seconds.
  path: Assets/Meshes/CobbleMeshes/Pillar_Quarter.fbx
  artifactKey: Guid(af8ba8fea5cfbad4db26080b4de312b7) Importer(815301076,1909f56bfc062723c751e8b465ee728b)
Start importing Assets/Meshes/CobbleMeshes/Pillar_Quarter.fbx using Guid(af8ba8fea5cfbad4db26080b4de312b7) Importer(815301076,1909f56bfc062723c751e8b465ee728b)  -> (artifact id: '30b566ba4b0613b178a98bb185403f19') in 0.062004 seconds 
========================================================================
Received Import Request.
  Time since last request: 0.000021 seconds.
  path: Assets/Meshes/CobbleMeshes/Pillar_Plain.fbx
  artifactKey: Guid(7a72284b3cecd1841b2612bc55d6546e) Importer(815301076,1909f56bfc062723c751e8b465ee728b)
Start importing Assets/Meshes/CobbleMeshes/Pillar_Plain.fbx using Guid(7a72284b3cecd1841b2612bc55d6546e) Importer(815301076,1909f56bfc062723c751e8b465ee728b)  -> (artifact id: '52c76d7a0fd8a98cc35c24bd93f19ded') in 0.035604 seconds 
========================================================================
Received Import Request.
  Time since last request: 0.000033 seconds.
  path: Assets/Meshes/CobbleMeshes/Floor_Straight.fbx
  artifactKey: Guid(476bd7ac5dd19004e9eeb8a9af1878b0) Importer(815301076,1909f56bfc062723c751e8b465ee728b)
Start importing Assets/Meshes/CobbleMeshes/Floor_Straight.fbx using Guid(476bd7ac5dd19004e9eeb8a9af1878b0) Importer(815301076,1909f56bfc062723c751e8b465ee728b)  -> (artifact id: '65fb9524ac45716c97b70af237d26340') in 0.081603 seconds 
========================================================================
Received Import Request.
  Time since last request: 0.000025 seconds.
  path: Assets/Meshes/CobbleMeshes/Pillar_Base.fbx
  artifactKey: Guid(09ac719f8cfc4ef43bc46284aeaf5acd) Importer(815301076,1909f56bfc062723c751e8b465ee728b)
Start importing Assets/Meshes/CobbleMeshes/Pillar_Base.fbx using Guid(09ac719f8cfc4ef43bc46284aeaf5acd) Importer(815301076,1909f56bfc062723c751e8b465ee728b)  -> (artifact id: 'd8e6690daafdcc2f3bb588556ee16af7') in 0.033552 seconds 
========================================================================
Received Import Request.
  Time since last request: 0.000023 seconds.
  path: Assets/Meshes/CobbleMeshes/Floor_Dead.fbx
  artifactKey: Guid(033aa8440f856e743b08af551369fe08) Importer(815301076,1909f56bfc062723c751e8b465ee728b)
Start importing Assets/Meshes/CobbleMeshes/Floor_Dead.fbx using Guid(033aa8440f856e743b08af551369fe08) Importer(815301076,1909f56bfc062723c751e8b465ee728b)  -> (artifact id: '7115ce1ac3d737991ce375ade87e51c5') in 0.123015 seconds 
========================================================================
Received Import Request.
  Time since last request: 0.000033 seconds.
  path: Assets/Meshes/CobbleMeshes/Roof_Vaulted5.fbx
  artifactKey: Guid(a7a6d64e176b6fd4d99c968e253b236d) Importer(815301076,1909f56bfc062723c751e8b465ee728b)
Start importing Assets/Meshes/CobbleMeshes/Roof_Vaulted5.fbx using Guid(a7a6d64e176b6fd4d99c968e253b236d) Importer(815301076,1909f56bfc062723c751e8b465ee728b)  -> (artifact id: 'c84fde60cee50c9f1db59d987280dffb') in 0.029850 seconds 
========================================================================
Received Import Request.
  Time since last request: 8.565130 seconds.
  path: Assets/Prefabs/Maze Room Prefabs
  artifactKey: Guid(c09d5e20a608125498d9c09dac9ca18b) Importer(815301076,1909f56bfc062723c751e8b465ee728b)
Start importing Assets/Prefabs/Maze Room Prefabs using Guid(c09d5e20a608125498d9c09dac9ca18b) Importer(815301076,1909f56bfc062723c751e8b465ee728b)  -> (artifact id: 'a87c261097ce92b637cf7890d8f3ecc7') in 0.005898 seconds 
========================================================================
Received Import Request.
  Time since last request: 0.063201 seconds.
  path: Assets/Prefabs/Maze Room Prefabs/Pillar_Plain.prefab
  artifactKey: Guid(79b9948548417604d88c7232c433fcee) Importer(815301076,1909f56bfc062723c751e8b465ee728b)
Start importing Assets/Prefabs/Maze Room Prefabs/Pillar_Plain.prefab using Guid(79b9948548417604d88c7232c433fcee) Importer(815301076,1909f56bfc062723c751e8b465ee728b)  -> (artifact id: '5ae7ad466d02d0e5ae3d44e14983539b') in 0.006562 seconds 
========================================================================
Received Import Request.
  Time since last request: 0.000023 seconds.
  path: Assets/Prefabs/Maze Room Prefabs/Room_Floor.prefab
  artifactKey: Guid(9f65642b690e3494283176d93ec75ecb) Importer(815301076,1909f56bfc062723c751e8b465ee728b)
Start importing Assets/Prefabs/Maze Room Prefabs/Room_Floor.prefab using Guid(9f65642b690e3494283176d93ec75ecb) Importer(815301076,1909f56bfc062723c751e8b465ee728b)  -> (artifact id: '0284982a14b6361661a37241b2b4a759') in 0.014564 seconds 
========================================================================
Received Prepare
Registering precompiled user dll's ...
Registered in 0.006898 seconds.
Begin MonoManager ReloadAssembly
Symbol file LoadedFromMemory doesn't match image D:\Unity Projects\Github\Mastered_Portfolio_Project\Never_Crawler\Library\PackageCache\com.unity.visualscripting@1.7.8\Editor\VisualScripting.Core\Dependencies\YamlDotNet\Unity.VisualScripting.YamlDotNet.dll
Symbol file LoadedFromMemory doesn't match image D:\Unity Projects\Github\Mastered_Portfolio_Project\Never_Crawler\Library\PackageCache\com.unity.visualscripting@1.7.8\Editor\VisualScripting.Core\Dependencies\DotNetZip\Unity.VisualScripting.IonicZip.dll
Native extension for UWP target not found
Native extension for WindowsStandalone target not found
Native extension for WebGL target not found
Refreshing native plugins compatible for Editor in 0.69 ms, found 3 plugins.
Preloading 0 native plugins for Editor in 0.00 ms.
Mono: successfully reloaded assembly
- Completed reload, in  1.085 seconds
Domain Reload Profiling:
	ReloadAssembly (1086ms)
		BeginReloadAssembly (146ms)
			ExecutionOrderSort (0ms)
			DisableScriptedObjects (3ms)
			BackupInstance (0ms)
			ReleaseScriptingObjects (0ms)
			CreateAndSetChildDomain (46ms)
		EndReloadAssembly (831ms)
			LoadAssemblies (99ms)
			RebuildTransferFunctionScriptingTraits (0ms)
			SetupTypeCache (287ms)
			ReleaseScriptCaches (1ms)
			RebuildScriptCaches (42ms)
			SetupLoadedEditorAssemblies (372ms)
				LogAssemblyErrors (0ms)
				InitializePlatformSupportModulesInManaged (15ms)
				SetLoadedEditorAssemblies (0ms)
				RefreshPlugins (1ms)
				BeforeProcessingInitializeOnLoad (66ms)
				ProcessInitializeOnLoadAttributes (256ms)
				ProcessInitializeOnLoadMethodAttributes (24ms)
				AfterProcessingInitializeOnLoad (10ms)
				EditorAssembliesLoaded (0ms)
			ExecutionOrderSort2 (0ms)
			AwakeInstancesAfterBackupRestoration (5ms)
Platform modules already initialized, skipping
Refreshing native plugins compatible for Editor in 2.16 ms, found 3 plugins.
Preloading 0 native plugins for Editor in 0.00 ms.
Unloading 4003 Unused Serialized files (Serialized files now loaded: 0)
Unloading 22 unused Assets / (150.7 KB). Loaded Objects now: 4559.
Memory consumption went from 146.8 MB to 146.7 MB.
Total: 4.044800 ms (FindLiveObjects: 0.431200 ms CreateObjectMapping: 0.121600 ms MarkObjects: 3.358200 ms  DeleteObjects: 0.132500 ms)

AssetImportParameters requested are different than current active one (requested -> active):
  custom:video-decoder-ogg-theora: a1e56fd34408186e4bbccfd4996cb3dc -> 
  custom:container-muxer-webm: aa71ff27fc2769a1b78a27578f13a17b -> 
  custom:container-demuxer-webm: 4f35f7cbe854078d1ac9338744f61a02 -> 
  custom:video-encoder-webm-vp8: eb34c28f22e8b96e1ab97ce403110664 -> 
  custom:video-codec-MediaFoundation-h265: e54d7ab0439102e2317fc1e4b246158d -> 
  custom:audio-encoder-webm-vorbis: bf7c407c2cedff20999df2af8eb42d56 -> 
  custom:framework-win-MediaFoundation: 216162199b28c13a410421893ffa2e32 -> 
  custom:container-demuxer-ogg: 62fdf1f143b41e24485cea50d1cbac27 -> 
  custom:video-decoder-webm-vp8: 9c59270c3fd7afecdb556c50c9e8de78 -> 
  custom:audio-decoder-ogg-vorbis: bf7c407c2cedff20999df2af8eb42d56 -> 
Editor requested this worker to shutdown with reason: Scaling down because of idle timeout
AssetImportWorker is now disconnected from the server
Process exiting
Exiting without the bug reporter. Application will terminate with return code 0