Using pre-set license
Built from '2021.3/staging' branch; Version is '2021.3.11f1 (0a5ca18544bf) revision 679073'; Using compiler version '192829333'; Build Type 'Release'
OS: 'Windows 10  (10.0.19044) 64bit Core' Language: 'en' Physical Memory: 16311 MB
BatchMode: 1, IsHumanControllingUs: 0, StartBugReporterOnCrash: 0, Is64bit: 1, IsPro: 1

COMMAND LINE ARGUMENTS:
C:\Program Files\Unity\Hub\Editor\2021.3.11f1\Editor\Unity.exe
-adb2
-batchMode
-noUpm
-name
AssetImportWorker3
-projectPath
D:/Unity Projects/Github/Mastered_Portfolio_Project/Never_Crawler
-logFile
Logs/AssetImportWorker3.log
-srvPort
56782
Successfully changed project path to: D:/Unity Projects/Github/Mastered_Portfolio_Project/Never_Crawler
D:/Unity Projects/Github/Mastered_Portfolio_Project/Never_Crawler
[UnityMemory] Configuration Parameters - Can be set up in boot.config
    "memorysetup-bucket-allocator-granularity=16"
    "memorysetup-bucket-allocator-bucket-count=8"
    "memorysetup-bucket-allocator-block-size=33554432"
    "memorysetup-bucket-allocator-block-count=8"
    "memorysetup-main-allocator-block-size=16777216"
    "memorysetup-thread-allocator-block-size=16777216"
    "memorysetup-gfx-main-allocator-block-size=16777216"
    "memorysetup-gfx-thread-allocator-block-size=16777216"
    "memorysetup-cache-allocator-block-size=4194304"
    "memorysetup-typetree-allocator-block-size=2097152"
    "memorysetup-profiler-bucket-allocator-granularity=16"
    "memorysetup-profiler-bucket-allocator-bucket-count=8"
    "memorysetup-profiler-bucket-allocator-block-size=33554432"
    "memorysetup-profiler-bucket-allocator-block-count=8"
    "memorysetup-profiler-allocator-block-size=16777216"
    "memorysetup-profiler-editor-allocator-block-size=1048576"
    "memorysetup-temp-allocator-size-main=16777216"
    "memorysetup-job-temp-allocator-block-size=2097152"
    "memorysetup-job-temp-allocator-block-size-background=1048576"
    "memorysetup-job-temp-allocator-reduction-small-platforms=262144"
    "memorysetup-temp-allocator-size-background-worker=32768"
    "memorysetup-temp-allocator-size-job-worker=262144"
    "memorysetup-temp-allocator-size-preload-manager=33554432"
    "memorysetup-temp-allocator-size-nav-mesh-worker=65536"
    "memorysetup-temp-allocator-size-audio-worker=65536"
    "memorysetup-temp-allocator-size-cloud-worker=32768"
    "memorysetup-temp-allocator-size-gi-baking-worker=262144"
    "memorysetup-temp-allocator-size-gfx=262144"
Refreshing native plugins compatible for Editor in 95.82 ms, found 3 plugins.
Preloading 0 native plugins for Editor in 0.00 ms.
Initialize engine version: 2021.3.11f1 (0a5ca18544bf)
[Subsystems] Discovering subsystems at path C:/Program Files/Unity/Hub/Editor/2021.3.11f1/Editor/Data/Resources/UnitySubsystems
[Subsystems] Discovering subsystems at path D:/Unity Projects/Github/Mastered_Portfolio_Project/Never_Crawler/Assets
GfxDevice: creating device client; threaded=0; jobified=0
Direct3D:
    Version:  Direct3D 11.0 [level 11.1]
    Renderer: AMD Radeon RX 5700 XT (ID=0x731f)
    Vendor:   ATI
    VRAM:     8151 MB
    Driver:   31.0.12029.7019
Initialize mono
Mono path[0] = 'C:/Program Files/Unity/Hub/Editor/2021.3.11f1/Editor/Data/Managed'
Mono path[1] = 'C:/Program Files/Unity/Hub/Editor/2021.3.11f1/Editor/Data/MonoBleedingEdge/lib/mono/unityjit-win32'
Mono config path = 'C:/Program Files/Unity/Hub/Editor/2021.3.11f1/Editor/Data/MonoBleedingEdge/etc'
Using monoOptions --debugger-agent=transport=dt_socket,embedding=1,server=y,suspend=n,address=127.0.0.1:56076
Begin MonoManager ReloadAssembly
Registering precompiled unity dll's ...
Register platform support module: C:/Program Files/Unity/Hub/Editor/2021.3.11f1/Editor/Data/PlaybackEngines/WebGLSupport/UnityEditor.WebGL.Extensions.dll
Register platform support module: C:/Program Files/Unity/Hub/Editor/2021.3.11f1/Editor/Data/PlaybackEngines/WindowsStandaloneSupport/UnityEditor.WindowsStandalone.Extensions.dll
Register platform support module: C:/Program Files/Unity/Hub/Editor/2021.3.11f1/Editor/Data/PlaybackEngines/MetroSupport/UnityEditor.UWP.Extensions.dll
Registered in 0.010952 seconds.
Native extension for UWP target not found
Native extension for WindowsStandalone target not found
Native extension for WebGL target not found
Refreshing native plugins compatible for Editor in 86.15 ms, found 3 plugins.
Preloading 0 native plugins for Editor in 0.00 ms.
Mono: successfully reloaded assembly
- Completed reload, in  0.655 seconds
Domain Reload Profiling:
	ReloadAssembly (655ms)
		BeginReloadAssembly (77ms)
			ExecutionOrderSort (0ms)
			DisableScriptedObjects (0ms)
			BackupInstance (0ms)
			ReleaseScriptingObjects (0ms)
			CreateAndSetChildDomain (1ms)
		EndReloadAssembly (461ms)
			LoadAssemblies (74ms)
			RebuildTransferFunctionScriptingTraits (0ms)
			SetupTypeCache (100ms)
			ReleaseScriptCaches (0ms)
			RebuildScriptCaches (23ms)
			SetupLoadedEditorAssemblies (291ms)
				LogAssemblyErrors (0ms)
				InitializePlatformSupportModulesInManaged (10ms)
				SetLoadedEditorAssemblies (0ms)
				RefreshPlugins (86ms)
				BeforeProcessingInitializeOnLoad (1ms)
				ProcessInitializeOnLoadAttributes (127ms)
				ProcessInitializeOnLoadMethodAttributes (67ms)
				AfterProcessingInitializeOnLoad (0ms)
				EditorAssembliesLoaded (0ms)
			ExecutionOrderSort2 (0ms)
			AwakeInstancesAfterBackupRestoration (0ms)
Platform modules already initialized, skipping
Registering precompiled user dll's ...
Registered in 0.005829 seconds.
Begin MonoManager ReloadAssembly
Symbol file LoadedFromMemory doesn't match image D:\Unity Projects\Github\Mastered_Portfolio_Project\Never_Crawler\Library\PackageCache\com.unity.visualscripting@1.7.8\Editor\VisualScripting.Core\Dependencies\YamlDotNet\Unity.VisualScripting.YamlDotNet.dll
Symbol file LoadedFromMemory doesn't match image D:\Unity Projects\Github\Mastered_Portfolio_Project\Never_Crawler\Library\PackageCache\com.unity.visualscripting@1.7.8\Editor\VisualScripting.Core\Dependencies\DotNetZip\Unity.VisualScripting.IonicZip.dll
Native extension for UWP target not found
Native extension for WindowsStandalone target not found
Native extension for WebGL target not found
Refreshing native plugins compatible for Editor in 81.92 ms, found 3 plugins.
Preloading 0 native plugins for Editor in 0.00 ms.
Mono: successfully reloaded assembly
- Completed reload, in  1.197 seconds
Domain Reload Profiling:
	ReloadAssembly (1198ms)
		BeginReloadAssembly (103ms)
			ExecutionOrderSort (0ms)
			DisableScriptedObjects (5ms)
			BackupInstance (0ms)
			ReleaseScriptingObjects (0ms)
			CreateAndSetChildDomain (18ms)
		EndReloadAssembly (987ms)
			LoadAssemblies (85ms)
			RebuildTransferFunctionScriptingTraits (0ms)
			SetupTypeCache (276ms)
			ReleaseScriptCaches (1ms)
			RebuildScriptCaches (52ms)
			SetupLoadedEditorAssemblies (534ms)
				LogAssemblyErrors (0ms)
				InitializePlatformSupportModulesInManaged (10ms)
				SetLoadedEditorAssemblies (0ms)
				RefreshPlugins (82ms)
				BeforeProcessingInitializeOnLoad (86ms)
				ProcessInitializeOnLoadAttributes (325ms)
				ProcessInitializeOnLoadMethodAttributes (22ms)
				AfterProcessingInitializeOnLoad (9ms)
				EditorAssembliesLoaded (0ms)
			ExecutionOrderSort2 (0ms)
			AwakeInstancesAfterBackupRestoration (6ms)
Platform modules already initialized, skipping
========================================================================
Worker process is ready to serve import requests
Launched and connected shader compiler UnityShaderCompiler.exe after 0.04 seconds
Refreshing native plugins compatible for Editor in 0.82 ms, found 3 plugins.
Preloading 0 native plugins for Editor in 0.00 ms.
Unloading 4016 Unused Serialized files (Serialized files now loaded: 0)
Unloading 43 unused Assets / (184.8 KB). Loaded Objects now: 4474.
Memory consumption went from 143.2 MB to 143.1 MB.
Total: 3.561000 ms (FindLiveObjects: 0.450900 ms CreateObjectMapping: 0.293400 ms MarkObjects: 2.679200 ms  DeleteObjects: 0.136600 ms)

AssetImportParameters requested are different than current active one (requested -> active):
  custom:video-decoder-ogg-theora: a1e56fd34408186e4bbccfd4996cb3dc -> 
  custom:container-muxer-webm: aa71ff27fc2769a1b78a27578f13a17b -> 
  custom:container-demuxer-webm: 4f35f7cbe854078d1ac9338744f61a02 -> 
  custom:video-encoder-webm-vp8: eb34c28f22e8b96e1ab97ce403110664 -> 
  custom:video-codec-MediaFoundation-h265: e54d7ab0439102e2317fc1e4b246158d -> 
  custom:audio-encoder-webm-vorbis: bf7c407c2cedff20999df2af8eb42d56 -> 
  custom:framework-win-MediaFoundation: 216162199b28c13a410421893ffa2e32 -> 
  custom:container-demuxer-ogg: 62fdf1f143b41e24485cea50d1cbac27 -> 
  custom:video-decoder-webm-vp8: 9c59270c3fd7afecdb556c50c9e8de78 -> 
  custom:audio-decoder-ogg-vorbis: bf7c407c2cedff20999df2af8eb42d56 -> 
========================================================================
Received Import Request.
  Time since last request: 1044618.790561 seconds.
  path: Assets/Meshes/Cobble Meshes/Floor_Dead 1.fbx
  artifactKey: Guid(156c6dc042b71ea4c9fc3e5d724b32ab) Importer(815301076,1909f56bfc062723c751e8b465ee728b)
Start importing Assets/Meshes/Cobble Meshes/Floor_Dead 1.fbx using Guid(156c6dc042b71ea4c9fc3e5d724b32ab) Importer(815301076,1909f56bfc062723c751e8b465ee728b)  -> (artifact id: 'd5c2ff0c82fdf5977b413d065f2d200d') in 0.254324 seconds 
========================================================================
Received Import Request.
  Time since last request: 6.211535 seconds.
  path: Assets/Meshes/Cobble Meshes/Roof_Vaulted2.fbx
  artifactKey: Guid(97c02f72603ad3c459046ccfa2ac94c3) Importer(815301076,1909f56bfc062723c751e8b465ee728b)
Start importing Assets/Meshes/Cobble Meshes/Roof_Vaulted2.fbx using Guid(97c02f72603ad3c459046ccfa2ac94c3) Importer(815301076,1909f56bfc062723c751e8b465ee728b)  -> (artifact id: '8226883af7d6a4a1a4acf4ce115b5f72') in 0.035783 seconds 
========================================================================
Received Import Request.
  Time since last request: 0.000025 seconds.
  path: Assets/Meshes/Cobble Meshes/Roof_Vaulted3.fbx
  artifactKey: Guid(c6c8a716bb01bb0489db0949f153b6dd) Importer(815301076,1909f56bfc062723c751e8b465ee728b)
Start importing Assets/Meshes/Cobble Meshes/Roof_Vaulted3.fbx using Guid(c6c8a716bb01bb0489db0949f153b6dd) Importer(815301076,1909f56bfc062723c751e8b465ee728b)  -> (artifact id: '58d453761a51e0dc20c634f3d4255417') in 0.036846 seconds 
========================================================================
Received Import Request.
  Time since last request: 74.529568 seconds.
  path: Assets/Meshes/Cobble Meshes/Cube.fbx
  artifactKey: Guid(2a4b8d34be035484e8065392308bdae5) Importer(815301076,1909f56bfc062723c751e8b465ee728b)
Start importing Assets/Meshes/Cobble Meshes/Cube.fbx using Guid(2a4b8d34be035484e8065392308bdae5) Importer(815301076,1909f56bfc062723c751e8b465ee728b)  -> (artifact id: '1870aa0fdfb3af183df29b7b632ac8e2') in 0.156848 seconds 
========================================================================
Received Import Request.
  Time since last request: 0.000028 seconds.
  path: Assets/Meshes/Cobble Meshes/Floor_T.fbx
  artifactKey: Guid(a1783e92351208f43914f76f7f6899b4) Importer(815301076,1909f56bfc062723c751e8b465ee728b)
Start importing Assets/Meshes/Cobble Meshes/Floor_T.fbx using Guid(a1783e92351208f43914f76f7f6899b4) Importer(815301076,1909f56bfc062723c751e8b465ee728b)  -> (artifact id: '9c11496c4750323c18494fcd187e139d') in 0.072164 seconds 
========================================================================
Received Import Request.
  Time since last request: 0.000033 seconds.
  path: Assets/Meshes/Cobble Meshes/Roof_Vaulted4.fbx
  artifactKey: Guid(326b6056021180a438c69095174e6de1) Importer(815301076,1909f56bfc062723c751e8b465ee728b)
Start importing Assets/Meshes/Cobble Meshes/Roof_Vaulted4.fbx using Guid(326b6056021180a438c69095174e6de1) Importer(815301076,1909f56bfc062723c751e8b465ee728b)  -> (artifact id: '87c1c3b74548c654c0cb5fc40870e053') in 0.031007 seconds 
========================================================================
Received Import Request.
  Time since last request: 0.000036 seconds.
  path: Assets/Meshes/Cobble Meshes/Pillar_Base.fbx
  artifactKey: Guid(3d895fdb7f6395e4cb3fe9d5b00a8a63) Importer(815301076,1909f56bfc062723c751e8b465ee728b)
Start importing Assets/Meshes/Cobble Meshes/Pillar_Base.fbx using Guid(3d895fdb7f6395e4cb3fe9d5b00a8a63) Importer(815301076,1909f56bfc062723c751e8b465ee728b)  -> (artifact id: '52c70c82135bdaa08b00d6449c3ca673') in 0.029209 seconds 
========================================================================
Received Import Request.
  Time since last request: 0.000036 seconds.
  path: Assets/Meshes/Cobble Meshes/Floor_Straight.fbx
  artifactKey: Guid(08a8fdd2b2d14bb47ac2bf410c3ab88b) Importer(815301076,1909f56bfc062723c751e8b465ee728b)
Start importing Assets/Meshes/Cobble Meshes/Floor_Straight.fbx using Guid(08a8fdd2b2d14bb47ac2bf410c3ab88b) Importer(815301076,1909f56bfc062723c751e8b465ee728b)  -> (artifact id: '81cf0b2bf24d18e38e5e5600f6bd25c7') in 0.075333 seconds 
========================================================================
Received Import Request.
  Time since last request: 0.000031 seconds.
  path: Assets/Meshes/Cobble Meshes/Roof_Flat.fbx
  artifactKey: Guid(5116eec2dd51103449ebfc8fc45abf98) Importer(815301076,1909f56bfc062723c751e8b465ee728b)
Start importing Assets/Meshes/Cobble Meshes/Roof_Flat.fbx using Guid(5116eec2dd51103449ebfc8fc45abf98) Importer(815301076,1909f56bfc062723c751e8b465ee728b)  -> (artifact id: '751b2a07693888e289667f5e912e7eec') in 0.032736 seconds 
========================================================================
Received Import Request.
  Time since last request: 0.000034 seconds.
  path: Assets/Meshes/Cobble Meshes/Floor_Dead.fbx
  artifactKey: Guid(1e8cb877fed77a94e818331107a87a6f) Importer(815301076,1909f56bfc062723c751e8b465ee728b)
Start importing Assets/Meshes/Cobble Meshes/Floor_Dead.fbx using Guid(1e8cb877fed77a94e818331107a87a6f) Importer(815301076,1909f56bfc062723c751e8b465ee728b)  -> (artifact id: '4bcfd787aa093e36a0f1fd4c3659b1e4') in 0.081521 seconds 
========================================================================
Received Import Request.
  Time since last request: 0.000040 seconds.
  path: Assets/Meshes/Cobble Meshes/Floor_Stairwell.001.fbx
  artifactKey: Guid(4c6db15dcb0c2ab4283f56c377ce70a0) Importer(815301076,1909f56bfc062723c751e8b465ee728b)
Start importing Assets/Meshes/Cobble Meshes/Floor_Stairwell.001.fbx using Guid(4c6db15dcb0c2ab4283f56c377ce70a0) Importer(815301076,1909f56bfc062723c751e8b465ee728b)  -> (artifact id: '950baad583ab3510ebba1d61f7cd9d8d') in 0.049017 seconds 
========================================================================
Received Import Request.
  Time since last request: 0.000027 seconds.
  path: Assets/Meshes/Cobble Meshes/Floor_Corner.fbx
  artifactKey: Guid(3d1a0821d8d0e7c488d67104c20f181b) Importer(815301076,1909f56bfc062723c751e8b465ee728b)
Start importing Assets/Meshes/Cobble Meshes/Floor_Corner.fbx using Guid(3d1a0821d8d0e7c488d67104c20f181b) Importer(815301076,1909f56bfc062723c751e8b465ee728b)  -> (artifact id: '7c1b2a8b00b51919ac5c6733d7798648') in 0.079521 seconds 
========================================================================
Received Import Request.
  Time since last request: 0.000032 seconds.
  path: Assets/Meshes/Cobble Meshes/Roof_Vaulted5.fbx
  artifactKey: Guid(0547f24b7b259864f97840e1534ead36) Importer(815301076,1909f56bfc062723c751e8b465ee728b)
Start importing Assets/Meshes/Cobble Meshes/Roof_Vaulted5.fbx using Guid(0547f24b7b259864f97840e1534ead36) Importer(815301076,1909f56bfc062723c751e8b465ee728b)  -> (artifact id: '6c2004f7295691ae0b64811450c34beb') in 0.031062 seconds 
Editor requested this worker to shutdown with reason: Scaling down because of idle timeout
AssetImportWorker is now disconnected from the server
Process exiting
Exiting without the bug reporter. Application will terminate with return code 0